[TestRunner] Running the tests in 'Test' with parallel mode:false
[RunInfo] Adding method selector: org.testng.internal.XmlMethodSelector@3c679bde priority: 10
[TestClass] Creating TestClass for [ClassImpl class=week2.MultiThread]
[TestClass] Adding method MultiThread.executSessionOne()[pri:0, instance:null] on TestClass class week2.MultiThread
[TestClass] Adding method MultiThread.executSessionTwo()[pri:0, instance:null] on TestClass class week2.MultiThread
[TestClass] Adding method MultiThread.executSessionThree()[pri:0, instance:null] on TestClass class week2.MultiThread
[XmlMethodSelector] Including method week2.beforeSuite()
[XmlMethodSelector] Including method week2.afterSuite()
[XmlMethodSelector] Including method week2.beforeTest()
[XmlMethodSelector] Including method week2.afterTest()
[XmlMethodSelector] Including method week2.beforeClass()
[XmlMethodSelector] Including method week2.afterClass()
[XmlMethodSelector] Including method week2.beforeMethod()
[XmlMethodSelector] Including method week2.afterMethod()
[XmlMethodSelector] Including method week2.executSessionOne()
[XmlMethodSelector] Including method week2.executSessionTwo()
[XmlMethodSelector] Including method week2.executSessionThree()
[TestNG] Running:
  C:\Users\Jatin Sharma\workspacedevlabs\Selenium\testng.xml

[Invoker 589446616] Keeping method MultiThread.beforeSuite()[pri:0, instance:week2.MultiThread@25618e91] for class null
[Invoker 589446616] Invoking @BeforeSuite MultiThread.beforeSuite()[pri:0, instance:week2.MultiThread@25618e91]
[SuiteRunner] Created 1 TestRunners
[TestRunner] Running test Test on 1  classes,  included groups:[] excluded groups:[]
===== Test class
week2.MultiThread
  @BeforeClass MultiThread.beforeClass()[pri:0, instance:week2.MultiThread@25618e91]
  @BeforeMethod MultiThread.beforeMethod()[pri:0, instance:week2.MultiThread@25618e91]
    @Test MultiThread.executSessionOne()[pri:0, instance:week2.MultiThread@25618e91]
    @Test MultiThread.executSessionTwo()[pri:0, instance:week2.MultiThread@25618e91]
    @Test MultiThread.executSessionThree()[pri:0, instance:week2.MultiThread@25618e91]
  @AfterMethod MultiThread.afterMethod()[pri:0, instance:week2.MultiThread@25618e91]
  @AfterClass MultiThread.afterClass()[pri:0, instance:week2.MultiThread@25618e91]
======
[Invoker 589446616] Keeping method MultiThread.beforeTest()[pri:0, instance:week2.MultiThread@25618e91] for class null
[Invoker 589446616] Invoking @BeforeTest MultiThread.beforeTest()[pri:0, instance:week2.MultiThread@25618e91]
[TestRunner] Starting executor for test Test with time out:2147483647 milliseconds.
[Invoker 1010132054] Keeping method MultiThread.beforeClass()[pri:0, instance:week2.MultiThread@25618e91] for class [TestClass name=class week2.MultiThread]
[Invoker 1010132054] Invoking @BeforeClass MultiThread.beforeClass()[pri:0, instance:week2.MultiThread@25618e91]
[Invoker 1010132054] Keeping method MultiThread.beforeMethod()[pri:0, instance:week2.MultiThread@25618e91] for class [TestClass name=class week2.MultiThread]
[Invoker 1010132054] Keeping method MultiThread.afterMethod()[pri:0, instance:week2.MultiThread@25618e91] for class [TestClass name=class week2.MultiThread]
[Invoker 614063183] Keeping method MultiThread.beforeMethod()[pri:0, instance:week2.MultiThread@25618e91] for class [TestClass name=class week2.MultiThread]
[Invoker 614063183] Keeping method MultiThread.afterMethod()[pri:0, instance:week2.MultiThread@25618e91] for class [TestClass name=class week2.MultiThread]
[Invoker 2004904627] Keeping method MultiThread.beforeMethod()[pri:0, instance:week2.MultiThread@25618e91] for class [TestClass name=class week2.MultiThread]
[Invoker 2004904627] Keeping method MultiThread.afterMethod()[pri:0, instance:week2.MultiThread@25618e91] for class [TestClass name=class week2.MultiThread]
[Invoker 614063183] Keeping method MultiThread.beforeMethod()[pri:0, instance:week2.MultiThread@25618e91] for class [TestClass name=class week2.MultiThread]
[Invoker 614063183] Invoking @BeforeMethod MultiThread.beforeMethod()[pri:0, instance:week2.MultiThread@25618e91]
[Invoker 2004904627] Keeping method MultiThread.beforeMethod()[pri:0, instance:week2.MultiThread@25618e91] for class [TestClass name=class week2.MultiThread]
[Invoker 2004904627] Invoking @BeforeMethod MultiThread.beforeMethod()[pri:0, instance:week2.MultiThread@25618e91]
[Invoker 1010132054] Keeping method MultiThread.beforeMethod()[pri:0, instance:week2.MultiThread@25618e91] for class [TestClass name=class week2.MultiThread]
[Invoker 1010132054] Invoking @BeforeMethod MultiThread.beforeMethod()[pri:0, instance:week2.MultiThread@25618e91]
[Invoker 2004904627] Invoking week2.MultiThread.executSessionTwo
[Invoker 1010132054] Invoking week2.MultiThread.executSessionOne
[Invoker 614063183] Invoking week2.MultiThread.executSessionThree
Starting ChromeDriver 76.0.3809.68 (420c9498db8ce8fcd190a954d51297672c1515d5-refs/branch-heads/3809@{#864}) on port 40199
Only local connections are allowed.
Please protect ports used by ChromeDriver and related test frameworks to prevent access by malicious code.
Starting ChromeDriver 76.0.3809.68 (420c9498db8ce8fcd190a954d51297672c1515d5-refs/branch-heads/3809@{#864}) on port 14332
Only local connections are allowed.
Please protect ports used by ChromeDriver and related test frameworks to prevent access by malicious code.
Starting ChromeDriver 76.0.3809.68 (420c9498db8ce8fcd190a954d51297672c1515d5-refs/branch-heads/3809@{#864}) on port 35099
Only local connections are allowed.
Please protect ports used by ChromeDriver and related test frameworks to prevent access by malicious code.
[Invoker 614063183] Keeping method MultiThread.afterMethod()[pri:0, instance:week2.MultiThread@25618e91] for class [TestClass name=class week2.MultiThread]
[Invoker 614063183] Invoking @AfterMethod MultiThread.afterMethod()[pri:0, instance:week2.MultiThread@25618e91]
[Invoker 2004904627] Keeping method MultiThread.afterMethod()[pri:0, instance:week2.MultiThread@25618e91] for class [TestClass name=class week2.MultiThread]
[Invoker 2004904627] Invoking @AfterMethod MultiThread.afterMethod()[pri:0, instance:week2.MultiThread@25618e91]
[Invoker 1010132054] Keeping method MultiThread.afterMethod()[pri:0, instance:week2.MultiThread@25618e91] for class [TestClass name=class week2.MultiThread]
[Invoker 1010132054] Invoking @AfterMethod MultiThread.afterMethod()[pri:0, instance:week2.MultiThread@25618e91]
[Invoker 1010132054] Keeping method MultiThread.afterClass()[pri:0, instance:week2.MultiThread@25618e91] for class [TestClass name=class week2.MultiThread]
[Invoker 1010132054] Invoking @AfterClass MultiThread.afterClass()[pri:0, instance:week2.MultiThread@25618e91]
[Invoker 589446616] Keeping method MultiThread.afterTest()[pri:0, instance:week2.MultiThread@25618e91] for class null
[Invoker 589446616] Invoking @AfterTest MultiThread.afterTest()[pri:0, instance:week2.MultiThread@25618e91]
===== Invoked methods
  MultiThread.beforeSuite()[pri:0, instance:week2.MultiThread@25618e91] 627150481
  MultiThread.beforeTest()[pri:0, instance:week2.MultiThread@25618e91] 627150481
  MultiThread.beforeClass()[pri:0, instance:week2.MultiThread@25618e91] 627150481
  MultiThread.beforeMethod()[pri:0, instance:week2.MultiThread@25618e91] 627150481
  MultiThread.beforeMethod()[pri:0, instance:week2.MultiThread@25618e91] 627150481
  MultiThread.beforeMethod()[pri:0, instance:week2.MultiThread@25618e91] 627150481
    MultiThread.executSessionTwo()[pri:0, instance:week2.MultiThread@25618e91] 627150481
    MultiThread.executSessionOne()[pri:0, instance:week2.MultiThread@25618e91] 627150481
    MultiThread.executSessionThree()[pri:0, instance:week2.MultiThread@25618e91] 627150481
  MultiThread.afterMethod()[pri:0, instance:week2.MultiThread@25618e91] 627150481
  MultiThread.afterMethod()[pri:0, instance:week2.MultiThread@25618e91] 627150481
  MultiThread.afterMethod()[pri:0, instance:week2.MultiThread@25618e91] 627150481
  MultiThread.afterClass()[pri:0, instance:week2.MultiThread@25618e91] 627150481
  MultiThread.afterTest()[pri:0, instance:week2.MultiThread@25618e91] 627150481
=====
Creating C:\Users\Jatin Sharma\workspacedevlabs\Selenium\test-output\Suite\Test.html
Creating C:\Users\Jatin Sharma\workspacedevlabs\Selenium\test-output\Suite\Test.xml
FAILED: executSessionThree
org.openqa.selenium.SessionNotCreatedException: session not created: This version of ChromeDriver only supports Chrome version 76
Build info: version: '3.141.59', revision: 'e82be7d358', time: '2018-11-14T08:25:53'
System info: host: 'DESKTOP-TROF6CO', ip: '192.168.173.1', os.name: 'Windows 10', os.arch: 'amd64', os.version: '10.0', java.version: '1.8.0_221'
Driver info: driver.version: ChromeDriver
remote stacktrace: Backtrace:
    Ordinal0 [0x00C67C93+1473683]
    Ordinal0 [0x00BEADB1+961969]
    Ordinal0 [0x00B742E3+475875]
    Ordinal0 [0x00B0F365+62309]
    Ordinal0 [0x00B0BC77+48247]
    Ordinal0 [0x00B29149+168265]
    Ordinal0 [0x00B28D1D+167197]
    Ordinal0 [0x00B2742B+160811]
    Ordinal0 [0x00B10AE6+68326]
    Ordinal0 [0x00B11BF0+72688]
    Ordinal0 [0x00B11B89+72585]
    Ordinal0 [0x00C04B77+1067895]
    GetHandleVerifier [0x00D06875+506677]
    GetHandleVerifier [0x00D06610+506064]
    GetHandleVerifier [0x00D0D1B8+533624]
    GetHandleVerifier [0x00D0704A+508682]
    Ordinal0 [0x00BFC266+1032806]
    Ordinal0 [0x00BFC0DF+1032415]
    Ordinal0 [0x00C06A8B+1075851]
    Ordinal0 [0x00C06BF3+1076211]
    Ordinal0 [0x00C05BA5+1072037]
    BaseThreadInitThunk [0x74228494+36]
    RtlAreBitsSet [0x773A41C8+136]
    RtlAreBitsSet [0x773A4198+88]

    at sun.reflect.NativeConstructorAccessorImpl.newInstance0(Native Method)
    at sun.reflect.NativeConstructorAccessorImpl.newInstance(Unknown Source)
    at sun.reflect.DelegatingConstructorAccessorImpl.newInstance(Unknown Source)
    at java.lang.reflect.Constructor.newInstance(Unknown Source)
    at org.openqa.selenium.remote.W3CHandshakeResponse.lambda$errorHandler$0(W3CHandshakeResponse.java:62)
    at org.openqa.selenium.remote.HandshakeResponse.lambda$getResponseFunction$0(HandshakeResponse.java:30)
    at org.openqa.selenium.remote.ProtocolHandshake.lambda$createSession$0(ProtocolHandshake.java:126)
    at java.util.stream.ReferencePipeline$3$1.accept(Unknown Source)
    at java.util.Spliterators$ArraySpliterator.tryAdvance(Unknown Source)
    at java.util.stream.ReferencePipeline.forEachWithCancel(Unknown Source)
    at java.util.stream.AbstractPipeline.copyIntoWithCancel(Unknown Source)
    at java.util.stream.AbstractPipeline.copyInto(Unknown Source)
    at java.util.stream.AbstractPipeline.wrapAndCopyInto(Unknown Source)
    at java.util.stream.FindOps$FindOp.evaluateSequential(Unknown Source)
    at java.util.stream.AbstractPipeline.evaluate(Unknown Source)
    at java.util.stream.ReferencePipeline.findFirst(Unknown Source)
    at org.openqa.selenium.remote.ProtocolHandshake.createSession(ProtocolHandshake.java:128)
    at org.openqa.selenium.remote.ProtocolHandshake.createSession(ProtocolHandshake.java:74)
    at org.openqa.selenium.remote.HttpCommandExecutor.execute(HttpCommandExecutor.java:136)
    at org.openqa.selenium.remote.service.DriverCommandExecutor.execute(DriverCommandExecutor.java:83)
    at org.openqa.selenium.remote.RemoteWebDriver.execute(RemoteWebDriver.java:552)
    at org.openqa.selenium.remote.RemoteWebDriver.startSession(RemoteWebDriver.java:213)
    at org.openqa.selenium.remote.RemoteWebDriver.<init>(RemoteWebDriver.java:131)
    at org.openqa.selenium.chrome.ChromeDriver.<init>(ChromeDriver.java:181)
    at org.openqa.selenium.chrome.ChromeDriver.<init>(ChromeDriver.java:168)
    at org.openqa.selenium.chrome.ChromeDriver.<init>(ChromeDriver.java:123)
    at week2.MultiThread.executSessionThree(MultiThread.java:41)
    at sun.reflect.NativeMethodAccessorImpl.invoke0(Native Method)
    at sun.reflect.NativeMethodAccessorImpl.invoke(Unknown Source)
    at sun.reflect.DelegatingMethodAccessorImpl.invoke(Unknown Source)
    at java.lang.reflect.Method.invoke(Unknown Source)
    at org.testng.internal.MethodInvocationHelper.invokeMethod(MethodInvocationHelper.java:86)
    at org.testng.internal.Invoker.invokeMethod(Invoker.java:645)
    at org.testng.internal.Invoker.invokeTestMethod(Invoker.java:822)
    at org.testng.internal.Invoker.invokeTestMethods(Invoker.java:1130)
    at org.testng.internal.TestMethodWorker.invokeTestMethods(TestMethodWorker.java:129)
    at org.testng.internal.TestMethodWorker.run(TestMethodWorker.java:112)
    at java.util.concurrent.ThreadPoolExecutor.runWorker(Unknown Source)
    at java.util.concurrent.ThreadPoolExecutor$Worker.run(Unknown Source)
    at java.lang.Thread.run(Unknown Source)

FAILED: executSessionTwo
org.openqa.selenium.SessionNotCreatedException: session not created: This version of ChromeDriver only supports Chrome version 76
Build info: version: '3.141.59', revision: 'e82be7d358', time: '2018-11-14T08:25:53'
System info: host: 'DESKTOP-TROF6CO', ip: '192.168.173.1', os.name: 'Windows 10', os.arch: 'amd64', os.version: '10.0', java.version: '1.8.0_221'
Driver info: driver.version: ChromeDriver
remote stacktrace: Backtrace:
    Ordinal0 [0x00C67C93+1473683]
    Ordinal0 [0x00BEADB1+961969]
    Ordinal0 [0x00B742E3+475875]
    Ordinal0 [0x00B0F365+62309]
    Ordinal0 [0x00B0BC77+48247]
    Ordinal0 [0x00B29149+168265]
    Ordinal0 [0x00B28D1D+167197]
    Ordinal0 [0x00B2742B+160811]
    Ordinal0 [0x00B10AE6+68326]
    Ordinal0 [0x00B11BF0+72688]
    Ordinal0 [0x00B11B89+72585]
    Ordinal0 [0x00C04B77+1067895]
    GetHandleVerifier [0x00D06875+506677]
    GetHandleVerifier [0x00D06610+506064]
    GetHandleVerifier [0x00D0D1B8+533624]
    GetHandleVerifier [0x00D0704A+508682]
    Ordinal0 [0x00BFC266+1032806]
    Ordinal0 [0x00BFC0DF+1032415]
    Ordinal0 [0x00C06A8B+1075851]
    Ordinal0 [0x00C06BF3+1076211]
    Ordinal0 [0x00C05BA5+1072037]
    BaseThreadInitThunk [0x74228494+36]
    RtlAreBitsSet [0x773A41C8+136]
    RtlAreBitsSet [0x773A4198+88]

    at sun.reflect.NativeConstructorAccessorImpl.newInstance0(Native Method)
    at sun.reflect.NativeConstructorAccessorImpl.newInstance(Unknown Source)
    at sun.reflect.DelegatingConstructorAccessorImpl.newInstance(Unknown Source)
    at java.lang.reflect.Constructor.newInstance(Unknown Source)
    at org.openqa.selenium.remote.W3CHandshakeResponse.lambda$errorHandler$0(W3CHandshakeResponse.java:62)
    at org.openqa.selenium.remote.HandshakeResponse.lambda$getResponseFunction$0(HandshakeResponse.java:30)
    at org.openqa.selenium.remote.ProtocolHandshake.lambda$createSession$0(ProtocolHandshake.java:126)
    at java.util.stream.ReferencePipeline$3$1.accept(Unknown Source)
    at java.util.Spliterators$ArraySpliterator.tryAdvance(Unknown Source)
    at java.util.stream.ReferencePipeline.forEachWithCancel(Unknown Source)
    at java.util.stream.AbstractPipeline.copyIntoWithCancel(Unknown Source)
    at java.util.stream.AbstractPipeline.copyInto(Unknown Source)
    at java.util.stream.AbstractPipeline.wrapAndCopyInto(Unknown Source)
    at java.util.stream.FindOps$FindOp.evaluateSequential(Unknown Source)
    at java.util.stream.AbstractPipeline.evaluate(Unknown Source)
    at java.util.stream.ReferencePipeline.findFirst(Unknown Source)
    at org.openqa.selenium.remote.ProtocolHandshake.createSession(ProtocolHandshake.java:128)
    at org.openqa.selenium.remote.ProtocolHandshake.createSession(ProtocolHandshake.java:74)
    at org.openqa.selenium.remote.HttpCommandExecutor.execute(HttpCommandExecutor.java:136)
    at org.openqa.selenium.remote.service.DriverCommandExecutor.execute(DriverCommandExecutor.java:83)
    at org.openqa.selenium.remote.RemoteWebDriver.execute(RemoteWebDriver.java:552)
    at org.openqa.selenium.remote.RemoteWebDriver.startSession(RemoteWebDriver.java:213)
    at org.openqa.selenium.remote.RemoteWebDriver.<init>(RemoteWebDriver.java:131)
    at org.openqa.selenium.chrome.ChromeDriver.<init>(ChromeDriver.java:181)
    at org.openqa.selenium.chrome.ChromeDriver.<init>(ChromeDriver.java:168)
    at org.openqa.selenium.chrome.ChromeDriver.<init>(ChromeDriver.java:123)
    at week2.MultiThread.executSessionTwo(MultiThread.java:31)
    at sun.reflect.NativeMethodAccessorImpl.invoke0(Native Method)
    at sun.reflect.NativeMethodAccessorImpl.invoke(Unknown Source)
    at sun.reflect.DelegatingMethodAccessorImpl.invoke(Unknown Source)
    at java.lang.reflect.Method.invoke(Unknown Source)
    at org.testng.internal.MethodInvocationHelper.invokeMethod(MethodInvocationHelper.java:86)
    at org.testng.internal.Invoker.invokeMethod(Invoker.java:645)
    at org.testng.internal.Invoker.invokeTestMethod(Invoker.java:822)
    at org.testng.internal.Invoker.invokeTestMethods(Invoker.java:1130)
    at org.testng.internal.TestMethodWorker.invokeTestMethods(TestMethodWorker.java:129)
    at org.testng.internal.TestMethodWorker.run(TestMethodWorker.java:112)
    at java.util.concurrent.ThreadPoolExecutor.runWorker(Unknown Source)
    at java.util.concurrent.ThreadPoolExecutor$Worker.run(Unknown Source)
    at java.lang.Thread.run(Unknown Source)

FAILED: executSessionOne
org.openqa.selenium.SessionNotCreatedException: session not created: This version of ChromeDriver only supports Chrome version 76
Build info: version: '3.141.59', revision: 'e82be7d358', time: '2018-11-14T08:25:53'
System info: host: 'DESKTOP-TROF6CO', ip: '192.168.173.1', os.name: 'Windows 10', os.arch: 'amd64', os.version: '10.0', java.version: '1.8.0_221'
Driver info: driver.version: ChromeDriver
remote stacktrace: Backtrace:
    Ordinal0 [0x00C67C93+1473683]
    Ordinal0 [0x00BEADB1+961969]
    Ordinal0 [0x00B742E3+475875]
    Ordinal0 [0x00B0F365+62309]
    Ordinal0 [0x00B0BC77+48247]
    Ordinal0 [0x00B29149+168265]
    Ordinal0 [0x00B28D1D+167197]
    Ordinal0 [0x00B2742B+160811]
    Ordinal0 [0x00B10AE6+68326]
    Ordinal0 [0x00B11BF0+72688]
    Ordinal0 [0x00B11B89+72585]
    Ordinal0 [0x00C04B77+1067895]
    GetHandleVerifier [0x00D06875+506677]
    GetHandleVerifier [0x00D06610+506064]
    GetHandleVerifier [0x00D0D1B8+533624]
    GetHandleVerifier [0x00D0704A+508682]
    Ordinal0 [0x00BFC266+1032806]
    Ordinal0 [0x00BFC0DF+1032415]
    Ordinal0 [0x00C06A8B+1075851]
    Ordinal0 [0x00C06BF3+1076211]
    Ordinal0 [0x00C05BA5+1072037]
    BaseThreadInitThunk [0x74228494+36]
    RtlAreBitsSet [0x773A41C8+136]
    RtlAreBitsSet [0x773A4198+88]

    at sun.reflect.NativeConstructorAccessorImpl.newInstance0(Native Method)
    at sun.reflect.NativeConstructorAccessorImpl.newInstance(Unknown Source)
    at sun.reflect.DelegatingConstructorAccessorImpl.newInstance(Unknown Source)
    at java.lang.reflect.Constructor.newInstance(Unknown Source)
    at org.openqa.selenium.remote.W3CHandshakeResponse.lambda$errorHandler$0(W3CHandshakeResponse.java:62)
    at org.openqa.selenium.remote.HandshakeResponse.lambda$getResponseFunction$0(HandshakeResponse.java:30)
    at org.openqa.selenium.remote.ProtocolHandshake.lambda$createSession$0(ProtocolHandshake.java:126)
    at java.util.stream.ReferencePipeline$3$1.accept(Unknown Source)
    at java.util.Spliterators$ArraySpliterator.tryAdvance(Unknown Source)
    at java.util.stream.ReferencePipeline.forEachWithCancel(Unknown Source)
    at java.util.stream.AbstractPipeline.copyIntoWithCancel(Unknown Source)
    at java.util.stream.AbstractPipeline.copyInto(Unknown Source)
    at java.util.stream.AbstractPipeline.wrapAndCopyInto(Unknown Source)
    at java.util.stream.FindOps$FindOp.evaluateSequential(Unknown Source)
    at java.util.stream.AbstractPipeline.evaluate(Unknown Source)
    at java.util.stream.ReferencePipeline.findFirst(Unknown Source)
    at org.openqa.selenium.remote.ProtocolHandshake.createSession(ProtocolHandshake.java:128)
    at org.openqa.selenium.remote.ProtocolHandshake.createSession(ProtocolHandshake.java:74)
    at org.openqa.selenium.remote.HttpCommandExecutor.execute(HttpCommandExecutor.java:136)
    at org.openqa.selenium.remote.service.DriverCommandExecutor.execute(DriverCommandExecutor.java:83)
    at org.openqa.selenium.remote.RemoteWebDriver.execute(RemoteWebDriver.java:552)
    at org.openqa.selenium.remote.RemoteWebDriver.startSession(RemoteWebDriver.java:213)
    at org.openqa.selenium.remote.RemoteWebDriver.<init>(RemoteWebDriver.java:131)
    at org.openqa.selenium.chrome.ChromeDriver.<init>(ChromeDriver.java:181)
    at org.openqa.selenium.chrome.ChromeDriver.<init>(ChromeDriver.java:168)
    at org.openqa.selenium.chrome.ChromeDriver.<init>(ChromeDriver.java:123)
    at week2.MultiThread.executSessionOne(MultiThread.java:21)
    at sun.reflect.NativeMethodAccessorImpl.invoke0(Native Method)
    at sun.reflect.NativeMethodAccessorImpl.invoke(Unknown Source)
    at sun.reflect.DelegatingMethodAccessorImpl.invoke(Unknown Source)
    at java.lang.reflect.Method.invoke(Unknown Source)
    at org.testng.internal.MethodInvocationHelper.invokeMethod(MethodInvocationHelper.java:86)
    at org.testng.internal.Invoker.invokeMethod(Invoker.java:645)
    at org.testng.internal.Invoker.invokeTestMethod(Invoker.java:822)
    at org.testng.internal.Invoker.invokeTestMethods(Invoker.java:1130)
    at org.testng.internal.TestMethodWorker.invokeTestMethods(TestMethodWorker.java:129)
    at org.testng.internal.TestMethodWorker.run(TestMethodWorker.java:112)
    at java.util.concurrent.ThreadPoolExecutor.runWorker(Unknown Source)
    at java.util.concurrent.ThreadPoolExecutor$Worker.run(Unknown Source)
    at java.lang.Thread.run(Unknown Source)


===============================================
    Test
    Tests run: 3, Failures: 3, Skips: 0
===============================================

[Invoker 589446616] Keeping method MultiThread.afterSuite()[pri:0, instance:week2.MultiThread@25618e91] for class null
[Invoker 589446616] Invoking @AfterSuite MultiThread.afterSuite()[pri:0, instance:week2.MultiThread@25618e91]

===============================================
Suite
Total tests run: 3, Failures: 3, Skips: 0
===============================================

[TestNG] Time taken by org.testng.reporters.XMLReporter@39ed3c8d: 91 ms
Creating C:\Users\Jatin Sharma\workspacedevlabs\Selenium\test-output\testng-failed.xml
Creating C:\Users\Jatin Sharma\workspacedevlabs\Selenium\test-output\Suite\testng-failed.xml
[TestNG] Time taken by [FailedReporter passed=0 failed=0 skipped=0]: 38 ms
Creating C:\Users\Jatin Sharma\workspacedevlabs\Selenium\test-output\junitreports\TEST-week2.MultiThread.xml
[TestNG] Time taken by org.testng.reporters.JUnitReportReporter@606d8acf: 37 ms
[TestNG] Time taken by org.testng.reporters.EmailableReporter2@73a28541: 65 ms
Creating C:\Users\Jatin Sharma\workspacedevlabs\Selenium\test-output\old\Suite\toc.html
Creating C:\Users\Jatin Sharma\workspacedevlabs\Selenium\test-output\old\Suite\Test.properties
Creating C:\Users\Jatin Sharma\workspacedevlabs\Selenium\test-output\old\Suite\index.html
Creating C:\Users\Jatin Sharma\workspacedevlabs\Selenium\test-output\old\Suite\main.html
Creating C:\Users\Jatin Sharma\workspacedevlabs\Selenium\test-output\old\Suite\groups.html
Creating C:\Users\Jatin Sharma\workspacedevlabs\Selenium\test-output\old\Suite\classes.html
Creating C:\Users\Jatin Sharma\workspacedevlabs\Selenium\test-output\old\Suite\reporter-output.html
Creating C:\Users\Jatin Sharma\workspacedevlabs\Selenium\test-output\old\Suite\methods-not-run.html
Creating C:\Users\Jatin Sharma\workspacedevlabs\Selenium\test-output\old\Suite\testng.xml.html
Creating C:\Users\Jatin Sharma\workspacedevlabs\Selenium\test-output\old\index.html
[TestNG] Time taken by org.testng.reporters.SuiteHTMLReporter@7de26db8: 85 ms
[TestNG] Time taken by org.testng.reporters.jq.Main@76ccd017: 252 ms
